#
# There is insufficient memory for the Java Runtime Environment to continue.
# Native memory allocation (mmap) failed to map 266338304 bytes. Error detail: G1 virtual space
# Possible reasons:
#   The system is out of physical RAM or swap space
#   This process is running with CompressedOops enabled, and the Java Heap may be blocking the growth of the native heap
# Possible solutions:
#   Reduce memory load on the system
#   Increase physical memory or swap space
#   Check if swap backing store is full
#   Decrease Java heap size (-Xmx/-Xms)
#   Decrease number of Java threads
#   Decrease Java thread stack sizes (-Xss)
#   Set larger code cache with -XX:ReservedCodeCacheSize=
#   JVM is running with Zero Based Compressed Oops mode in which the Java heap is
#     placed in the first 32GB address space. The Java Heap base address is the
#     maximum limit for the native heap growth. Please use -XX:HeapBaseMinAddress
#     to set the Java Heap base and to place the Java Heap above 32GB virtual address.
# This output file may be truncated or incomplete.
#
#  Out of Memory Error (os_windows.cpp:3825), pid=5236, tid=2872
#
# JRE version:  (17.0.12+1) (build )
# Java VM: OpenJDK 64-Bit Server VM (17.0.12+1-b1087.25, mixed mode, sharing, tiered, compressed oops, compressed class ptrs, g1 gc, windows-amd64)
# No core dump will be written. Minidumps are not enabled by default on client versions of Windows
#

---------------  S U M M A R Y ------------

Command Line: git4idea.http.GitAskPassApp Username for 'https://github.com': 

Host: AMD Ryzen 7 4800H with Radeon Graphics         , 16 cores, 15G,  Windows 10 , 64 bit Build 19041 (10.0.19041.5678)
Time: Thu Apr 10 14:53:31 2025  Windows 10 , 64 bit Build 19041 (10.0.19041.5678) elapsed time: 0.015858 seconds (0d 0h 0m 0s)

---------------  T H R E A D  ---------------

Current thread (0x0000016a2d26a0e0):  JavaThread "Unknown thread" [_thread_in_vm, id=2872, stack(0x00000014d6400000,0x00000014d6500000)]

Stack: [0x00000014d6400000,0x00000014d6500000]
Native frames: (J=compiled Java code, j=interpreted, Vv=VM code, C=native code)
V  [jvm.dll+0x688dd9]
V  [jvm.dll+0x842eaa]
V  [jvm.dll+0x844aee]
V  [jvm.dll+0x845153]
V  [jvm.dll+0x24ba3f]
V  [jvm.dll+0x685ba9]
V  [jvm.dll+0x67a45a]
V  [jvm.dll+0x30c60b]
V  [jvm.dll+0x313ab6]
V  [jvm.dll+0x363c6e]
V  [jvm.dll+0x363e9f]
V  [jvm.dll+0x2e2658]
V  [jvm.dll+0x2e3594]
V  [jvm.dll+0x813b31]
V  [jvm.dll+0x3719c1]
V  [jvm.dll+0x7f2626]
V  [jvm.dll+0x3f563f]
V  [jvm.dll+0x3f7191]
C  [jli.dll+0x528f]
C  [ucrtbase.dll+0x21bb2]
C  [KERNEL32.DLL+0x17374]
C  [ntdll.dll+0x4cc91]


---------------  P R O C E S S  ---------------

Threads class SMR info:
_java_thread_list=0x00007ffb2e910f58, length=0, elements={
}

Java Threads: ( => current thread )

Other Threads:
  0x0000016a2d2d87a0 GCTaskThread "GC Thread#0" [stack: 0x00000014d6500000,0x00000014d6600000] [id=14212]
  0x0000016a2d2e9400 ConcurrentGCThread "G1 Main Marker" [stack: 0x00000014d6600000,0x00000014d6700000] [id=6776]
  0x0000016a2d2e9d30 ConcurrentGCThread "G1 Conc#0" [stack: 0x00000014d6700000,0x00000014d6800000] [id=15040]

[error occurred during error reporting (printing all threads), id 0xc0000005, EXCEPTION_ACCESS_VIOLATION (0xc0000005) at pc=0x00007ffb2e0c31c7]

VM state: not at safepoint (not fully initialized)

VM Mutex/Monitor currently owned by a thread:  ([mutex/lock_event])
[0x0000016a2d264ce0] Heap_lock - owner thread: 0x0000016a2d26a0e0

Heap address: 0x0000000702000000, size: 4064 MB, Compressed Oops mode: Zero based, Oop shift amount: 3

CDS archive(s) mapped at: [0x0000000000000000-0x0000000000000000-0x0000000000000000), size 0, SharedBaseAddress: 0x0000000800000000, ArchiveRelocationMode: 1.
Narrow klass base: 0x0000000000000000, Narrow klass shift: 0, Narrow klass range: 0x0

GC Precious Log:
<Empty>

Heap:
 garbage-first heap   total 0K, used 0K [0x0000000702000000, 0x0000000800000000)
  region size 2048K, 0 young (0K), 0 survivors (0K)
 Metaspace       used 0K, committed 0K, reserved 0K
  class space    used 0K, committed 0K, reserved 0K

Heap Regions: E=young(eden), S=young(survivor), O=old, HS=humongous(starts), HC=humongous(continues), CS=collection set, F=free, OA=open archive, CA=closed archive, TAMS=top-at-mark-start (previous, next)

Card table byte_map: [0x0000016a40a60000,0x0000016a41250000] _byte_map_base: 0x0000016a3d250000

Marking Bits (Prev, Next): (CMBitMap*) 0x0000016a2d2d8cd0, (CMBitMap*) 0x0000016a2d2d8d10
 Prev Bits: [0x0000016a41a40000, 0x0000016a459c0000)
 Next Bits: [0x0000016a459c0000, 0x0000016a49940000)

GC Heap History (0 events):
No events

Dll operation events (1 events):
Event: 0.007 Loaded shared library C:\Program Files\JetBrains\IntelliJ IDEA 2023.3.8\jbr\bin\java.dll

Deoptimization events (0 events):
No events

Classes unloaded (0 events):
No events

Classes redefined (0 events):
No events

Internal exceptions (0 events):
No events

VM Operations (0 events):
No events

Events (0 events):
No events


Dynamic libraries:
0x00007ff625240000 - 0x00007ff62524a000 	C:\Program Files\JetBrains\IntelliJ IDEA 2023.3.8\jbr\bin\java.exe
0x00007ffb7c2d0000 - 0x00007ffb7c4c8000 	C:\Windows\SYSTEM32\ntdll.dll
0x00007ffb7b140000 - 0x00007ffb7b202000 	C:\Windows\System32\KERNEL32.DLL
0x00007ffb79ca0000 - 0x00007ffb79f96000 	C:\Windows\System32\KERNELBASE.dll
0x00007ffb79fa0000 - 0x00007ffb7a0a0000 	C:\Windows\System32\ucrtbase.dll
0x00007ffb6b740000 - 0x00007ffb6b75b000 	C:\Program Files\JetBrains\IntelliJ IDEA 2023.3.8\jbr\bin\VCRUNTIME140.dll
0x00007ffb2d9e0000 - 0x00007ffb2d9f7000 	C:\Program Files\JetBrains\IntelliJ IDEA 2023.3.8\jbr\bin\jli.dll
0x00007ffb7ad00000 - 0x00007ffb7ae9d000 	C:\Windows\System32\USER32.dll
0x00007ffb799f0000 - 0x00007ffb79a12000 	C:\Windows\System32\win32u.dll
0x00007ffb62240000 - 0x00007ffb624da000 	C:\Windows\WinSxS\amd64_microsoft.windows.common-controls_6595b64144ccf1df_6.0.19041.4355_none_60b8b9eb71f62e16\COMCTL32.dll
0x00007ffb7a760000 - 0x00007ffb7a78b000 	C:\Windows\System32\GDI32.dll
0x00007ffb7bce0000 - 0x00007ffb7bd7e000 	C:\Windows\System32\msvcrt.dll
0x00007ffb7a1d0000 - 0x00007ffb7a2ea000 	C:\Windows\System32\gdi32full.dll
0x00007ffb79a20000 - 0x00007ffb79abd000 	C:\Windows\System32\msvcp_win.dll
0x00007ffb7abc0000 - 0x00007ffb7abef000 	C:\Windows\System32\IMM32.DLL
0x00007ffb74110000 - 0x00007ffb7411c000 	C:\Program Files\JetBrains\IntelliJ IDEA 2023.3.8\jbr\bin\vcruntime140_1.dll
0x00007ffb56f80000 - 0x00007ffb5700d000 	C:\Program Files\JetBrains\IntelliJ IDEA 2023.3.8\jbr\bin\msvcp140.dll
0x00007ffb2ddd0000 - 0x00007ffb2ea55000 	C:\Program Files\JetBrains\IntelliJ IDEA 2023.3.8\jbr\bin\server\jvm.dll
0x00007ffb7abf0000 - 0x00007ffb7ac9f000 	C:\Windows\System32\ADVAPI32.dll
0x00007ffb7a660000 - 0x00007ffb7a6ff000 	C:\Windows\System32\sechost.dll
0x00007ffb7a4d0000 - 0x00007ffb7a5f3000 	C:\Windows\System32\RPCRT4.dll
0x00007ffb7a0a0000 - 0x00007ffb7a0c7000 	C:\Windows\System32\bcrypt.dll
0x00007ffb78ea0000 - 0x00007ffb78eeb000 	C:\Windows\SYSTEM32\POWRPROF.dll
0x00007ffb6cf00000 - 0x00007ffb6cf27000 	C:\Windows\SYSTEM32\WINMM.dll
0x00007ffb73590000 - 0x00007ffb73599000 	C:\Windows\SYSTEM32\WSOCK32.dll
0x00007ffb71e50000 - 0x00007ffb71e5a000 	C:\Windows\SYSTEM32\VERSION.dll
0x00007ffb7b020000 - 0x00007ffb7b08b000 	C:\Windows\System32\WS2_32.dll
0x00007ffb78d60000 - 0x00007ffb78d72000 	C:\Windows\SYSTEM32\UMPDC.dll
0x00007ffb781d0000 - 0x00007ffb781e2000 	C:\Windows\SYSTEM32\kernel.appcore.dll
0x00007ffb4e970000 - 0x00007ffb4e97a000 	C:\Program Files\JetBrains\IntelliJ IDEA 2023.3.8\jbr\bin\jimage.dll
0x00007ffb77520000 - 0x00007ffb77704000 	C:\Windows\SYSTEM32\DBGHELP.DLL
0x00007ffb51e20000 - 0x00007ffb51e54000 	C:\Windows\SYSTEM32\dbgcore.DLL
0x00007ffb79960000 - 0x00007ffb799e2000 	C:\Windows\System32\bcryptPrimitives.dll
0x00007ffb496d0000 - 0x00007ffb496f5000 	C:\Program Files\JetBrains\IntelliJ IDEA 2023.3.8\jbr\bin\java.dll

dbghelp: loaded successfully - version: 4.0.5 - missing functions: none
symbol engine: initialized successfully - sym options: 0x614 - pdb path: .;C:\Program Files\JetBrains\IntelliJ IDEA 2023.3.8\jbr\bin;C:\Windows\SYSTEM32;C:\Windows\WinSxS\amd64_microsoft.windows.common-controls_6595b64144ccf1df_6.0.19041.4355_none_60b8b9eb71f62e16;C:\Program Files\JetBrains\IntelliJ IDEA 2023.3.8\jbr\bin\server

VM Arguments:
java_command: git4idea.http.GitAskPassApp Username for 'https://github.com': 
java_class_path (initial): C:/Program Files/JetBrains/IntelliJ IDEA 2023.3.8/plugins/vcs-git/lib/git4idea-rt.jar;C:/Program Files/JetBrains/IntelliJ IDEA 2023.3.8/lib/externalProcess-rt.jar
Launcher Type: SUN_STANDARD

[Global flags]
     intx CICompilerCount                          = 12                                        {product} {ergonomic}
     uint ConcGCThreads                            = 3                                         {product} {ergonomic}
     uint G1ConcRefinementThreads                  = 13                                        {product} {ergonomic}
   size_t G1HeapRegionSize                         = 2097152                                   {product} {ergonomic}
    uintx GCDrainStackTargetSize                   = 64                                        {product} {ergonomic}
   size_t InitialHeapSize                          = 266338304                                 {product} {ergonomic}
   size_t MarkStackSize                            = 4194304                                   {product} {ergonomic}
   size_t MaxHeapSize                              = 4261412864                                {product} {ergonomic}
   size_t MinHeapDeltaBytes                        = 2097152                                   {product} {ergonomic}
   size_t MinHeapSize                              = 8388608                                   {product} {ergonomic}
    uintx NonNMethodCodeHeapSize                   = 7602480                                {pd product} {ergonomic}
    uintx NonProfiledCodeHeapSize                  = 122027880                              {pd product} {ergonomic}
    uintx ProfiledCodeHeapSize                     = 122027880                              {pd product} {ergonomic}
    uintx ReservedCodeCacheSize                    = 251658240                              {pd product} {ergonomic}
     bool SegmentedCodeCache                       = true                                      {product} {ergonomic}
   size_t SoftMaxHeapSize                          = 4261412864                             {manageable} {ergonomic}
     bool UseCompressedClassPointers               = true                           {product lp64_product} {ergonomic}
     bool UseCompressedOops                        = true                           {product lp64_product} {ergonomic}
     bool UseG1GC                                  = true                                      {product} {ergonomic}
     bool UseLargePagesIndividualAllocation        = false                                  {pd product} {ergonomic}

Logging:
Log output configuration:
 #0: stdout all=warning uptime,level,tags
 #1: stderr all=off uptime,level,tags

Environment Variables:
JAVA_HOME=D:\jdk
CLASSPATH=.;D:\jdk\lib\dt.jar;D:\jdk\lib\tools.jar; 
PATH=C:\Program Files\Git\mingw64\libexec\git-core;C:\Program Files\Git\mingw64\libexec\git-core;C:\Program Files\Git\mingw64\bin;C:\Program Files\Git\usr\bin;C:\Users\123\bin;C:\Users\123\AppData\Local\Programs\cursor\resources\app\bin;D:\vmpro\bin;C:\Windows\system32;C:\Windows;C:\Windows\System32\Wbem;C:\Windows\System32\WindowsPowerShell\v1.0;C:\Windows\System32\OpenSSH;C:\Users\123\AppData\Roaming\nvm;C:\Program Files\nodejs;D:\Xshell 7;D:\Xftp 7;C:\Program Files\Git\cmd;C:\Program Files\dotnet;C:\Program Files (x86)\NVIDIA Corporation\PhysX\Common;C:\Python27;C:\Program Files\Graphviz\bin;C:\Users\123\AppData\Local\Programs\Python\Launcher;C:\Users\123\AppData\Local\Microsoft\WindowsApps;C:\Users\123\AppData\Roaming\nvm;C:\Program Files\nodejs;D:\IntelliJ IDEA 2023.3.2\bin;C:\Users\123\AppData\Local\JetBrains\Toolbox\scripts;D:\jdk\bin;C:\bin;C:\Program Files\JetBrains\IntelliJ IDEA 2023.3.8\bin;C:\Users\123\AppData\Local\Programs\cursor\resources\app\bin;C:\Users\123\AppData\Local\Programs\cursor\resources\app\bin;D:\vmpro\bin;C:\Windows\system32;C:\Windows;C:\Windows\System32\Wbem;C:\Windows\System32\WindowsPowerShell\v1.0;C:\Windows\System32\OpenSSH;C:\Users\123\AppData\Roaming\nvm;C:\Program Files\nodejs;D:\Xshell 7;D:\Xftp 7;C:\Program Files\Git\cmd;C:\Program Files\dotnet;C:\Program Files (x86)\NVIDIA Corporation\PhysX\Common;C:\Python27;C:\Program Files\Graphviz\bin;C:\Users\123\AppData\Local\Programs\Python\Launcher;C:\Users\123\AppData\Local\Microsoft\WindowsApps;D:\IntelliJ IDEA 2023.3.2\bin;C:\Users\123\AppData\Local\JetBrains\Toolbox\scripts;D:\jdk\bin;C:\bin;C:\Program Files\JetBrains\IntelliJ IDEA 2023.3.8\bin;D:\Microsoft VS Code\bin;%JRE_HOME%\bin;C:\Users\123\AppData\Local\Programs\Trae\bin;C:\Users\123\AppData\Local\Programs\cursor\resources\app\bin
USERNAME=123
DISPLAY=:0.0
LC_ALL=en_US.UTF-8
TERM=xterm-256color
TMPDIR=C:\Users\123\AppData\Local\Temp
OS=Windows_NT
PROCESSOR_IDENTIFIER=AMD64 Family 23 Model 96 Stepping 1, AuthenticAMD
TMP=C:\Users\123\AppData\Local\Temp
TEMP=C:\Users\123\AppData\Local\Temp



Periodic native trim disabled

JNI global refs:
JNI global refs: 0, weak refs: 0

JNI global refs memory usage: 0, weak refs: 0

OOME stack traces (most recent first):
Classloader memory used:


---------------  S Y S T E M  ---------------

OS:
 Windows 10 , 64 bit Build 19041 (10.0.19041.5678)
OS uptime: 0 days 1:15 hours

CPU: total 16 (initial active 16) (16 cores per cpu, 2 threads per core) family 23 model 96 stepping 1 microcode 0x0, cx8, cmov, fxsr, ht, mmx, 3dnowpref, sse, sse2, sse3, ssse3, sse4a, sse4.1, sse4.2, popcnt, lzcnt, tsc, tscinvbit, avx, avx2, aes, clmul, bmi1, bmi2, adx, sha, fma, vzeroupper, clflush, clflushopt
Processor Information for all 16 processors :
  Max Mhz: 2900, Current Mhz: 2900, Mhz Limit: 2900

Memory: 4k page, system-wide physical 16253M (2708M free)
TotalPageFile size 19180M (AvailPageFile size 77M)
current process WorkingSet (physical memory assigned to process): 11M, peak: 11M
current process commit charge ("private bytes"): 70M, peak: 324M

vm_info: OpenJDK 64-Bit Server VM (17.0.12+1-b1087.25) for windows-amd64 JRE (17.0.12+1-b1087.25), built on 2024-08-30 by "builduser" with MS VC++ 16.10 / 16.11 (VS2019)

END.
